  account.cpp
  limit_price_queue.cpp
  order.cpp
  order_book.cpp
C:\Users\woonjeng\Desktop\cpp\ob_sim\ob_sim\order_book.cpp(17,81): warning C4838: conversion from 'const long' to 'unsigned long' requires a narrowing conversion
C:\Users\woonjeng\Desktop\cpp\ob_sim\ob_sim\order_book.cpp(28,64): warning C4838: conversion from 'long' to 'unsigned long' requires a narrowing conversion
C:\Users\woonjeng\Desktop\cpp\ob_sim\ob_sim\order_book.cpp(78,77): warning C4267: 'argument': conversion from 'size_t' to 'const int', possible loss of data
C:\Users\woonjeng\Desktop\cpp\ob_sim\ob_sim\order_book.cpp(96,102): warning C4267: 'argument': conversion from 'size_t' to 'const int', possible loss of data
C:\Users\woonjeng\Desktop\cpp\ob_sim\ob_sim\order_book.cpp(97,99): warning C4267: 'argument': conversion from 'size_t' to 'const int', possible loss of data
C:\Users\woonjeng\Desktop\cpp\ob_sim\ob_sim\order_book.cpp(98,97): warning C4267: 'argument': conversion from 'size_t' to 'const int', possible loss of data
C:\Users\woonjeng\Desktop\cpp\ob_sim\ob_sim\order_book.cpp(104,97): warning C4267: 'argument': conversion from 'size_t' to 'const int', possible loss of data
C:\Users\woonjeng\Desktop\cpp\ob_sim\ob_sim\order_book.cpp(105,99): warning C4267: 'argument': conversion from 'size_t' to 'const int', possible loss of data
C:\Users\woonjeng\Desktop\cpp\ob_sim\ob_sim\order_book.cpp(106,102): warning C4267: 'argument': conversion from 'size_t' to 'const int', possible loss of data
  stock_exchange.cpp
C:\Users\woonjeng\Desktop\cpp\ob_sim\ob_sim\stock_exchange.cpp(28,61): warning C4267: 'argument': conversion from 'size_t' to '_Ty', possible loss of data
C:\Users\woonjeng\Desktop\cpp\ob_sim\ob_sim\stock_exchange.cpp(28,61): warning C4267:         with
C:\Users\woonjeng\Desktop\cpp\ob_sim\ob_sim\stock_exchange.cpp(28,61): warning C4267:         [
C:\Users\woonjeng\Desktop\cpp\ob_sim\ob_sim\stock_exchange.cpp(28,61): warning C4267:             _Ty=int
C:\Users\woonjeng\Desktop\cpp\ob_sim\ob_sim\stock_exchange.cpp(28,61): warning C4267:         ]
  test.cpp
  Generating Code...
  ob_sim.vcxproj -> C:\Users\woonjeng\Desktop\cpp\ob_sim\x64\Debug\ob_sim.exe
